This file contains any messages produced by compilers while
running configure, to aid debugging if configure makes a mistake.

It was created by exec configure 0.01, which was
generated by GNU Autoconf 2.69.  Invocation command line was

  $ ./configure 

## --------- ##
## Platform. ##
## --------- ##

hostname = liam-laptop
uname -m = x86_64
uname -r = 4.13.12-1-ARCH
uname -s = Linux
uname -v = #1 SMP PREEMPT Wed Nov 8 11:54:06 CET 2017

/usr/bin/uname -p = unknown
/bin/uname -X     = unknown

/bin/arch              = unknown
/usr/bin/arch -k       = unknown
/usr/convex/getsysinfo = unknown
/usr/bin/hostinfo      = unknown
/bin/machine           = unknown
/usr/bin/oslevel       = unknown
/bin/universe          = unknown

PATH: /home/liam/.nvm/versions/node/v7.0.0/bin
PATH: /usr/local/sbin
PATH: /usr/local/bin
PATH: /usr/bin
PATH: /usr/lib/jvm/default/bin
PATH: /usr/bin/site_perl
PATH: /usr/bin/vendor_perl
PATH: /usr/bin/core_perl
PATH: /home/liam/go/bin
PATH: /home/liam/workspace/esp8266/esp-open-sdk/xtensa-lx106-elf/bin


## ----------- ##
## Core tests. ##
## ----------- ##

configure:2280: checking for gcc
configure:2296: found /usr/bin/gcc
configure:2307: result: gcc
configure:2536: checking for C compiler version
configure:2545: gcc --version >&5
gcc (GCC) 7.2.0
Copyright (C) 2017 Free Software Foundation, Inc.
This is free software; see the source for copying conditions.  There is NO
warranty; not even for MERCHANTABILITY or FITNESS FOR A PARTICULAR PURPOSE.

configure:2556: $? = 0
configure:2545: gcc -v >&5
Using built-in specs.
COLLECT_GCC=gcc
COLLECT_LTO_WRAPPER=/usr/lib/gcc/x86_64-pc-linux-gnu/7.2.0/lto-wrapper
Target: x86_64-pc-linux-gnu
Configured with: /build/gcc-multilib/src/gcc/configure --prefix=/usr --libdir=/usr/lib --libexecdir=/usr/lib --mandir=/usr/share/man --infodir=/usr/share/info --with-bugurl=https://bugs.archlinux.org/ --enable-languages=c,c++,ada,fortran,go,lto,objc,obj-c++ --enable-shared --enable-threads=posix --enable-libmpx --with-system-zlib --with-isl --enable-__cxa_atexit --disable-libunwind-exceptions --enable-clocale=gnu --disable-libstdcxx-pch --disable-libssp --enable-gnu-unique-object --enable-linker-build-id --enable-lto --enable-plugin --enable-install-libiberty --with-linker-hash-style=gnu --enable-gnu-indirect-function --enable-multilib --disable-werror --enable-checking=release --enable-default-pie --enable-default-ssp
Thread model: posix
gcc version 7.2.0 (GCC) 
configure:2556: $? = 0
configure:2545: gcc -V >&5
gcc: error: unrecognized command line option '-V'
gcc: fatal error: no input files
compilation terminated.
configure:2556: $? = 1
configure:2545: gcc -qversion >&5
gcc: error: unrecognized command line option '-qversion'; did you mean '--version'?
gcc: fatal error: no input files
compilation terminated.
configure:2556: $? = 1
configure:2576: checking whether the C compiler works
configure:2598: gcc    conftest.c  >&5
configure:2602: $? = 0
configure:2650: result: yes
configure:2653: checking for C compiler default output file name
configure:2655: result: a.out
configure:2661: checking for suffix of executables
configure:2668: gcc -o conftest    conftest.c  >&5
configure:2672: $? = 0
configure:2694: result: 
configure:2716: checking whether we are cross compiling
configure:2724: gcc -o conftest    conftest.c  >&5
configure:2728: $? = 0
configure:2735: ./conftest
configure:2739: $? = 0
configure:2754: result: no
configure:2759: checking for suffix of object files
configure:2781: gcc -c   conftest.c >&5
configure:2785: $? = 0
configure:2806: result: o
configure:2810: checking whether we are using the GNU C compiler
configure:2829: gcc -c   conftest.c >&5
configure:2829: $? = 0
configure:2838: result: yes
configure:2847: checking whether gcc accepts -g
configure:2867: gcc -c -g  conftest.c >&5
configure:2867: $? = 0
configure:2908: result: yes
configure:2925: checking for gcc option to accept ISO C89
configure:2988: gcc  -c -g -O2  conftest.c >&5
configure:2988: $? = 0
configure:3001: result: none needed
configure:3029: checking whether gcc understands -c and -o together
configure:3051: gcc -c conftest.c -o conftest2.o
configure:3054: $? = 0
configure:3051: gcc -c conftest.c -o conftest2.o
configure:3054: $? = 0
configure:3066: result: yes
configure:3093: checking how to run the C preprocessor
configure:3124: gcc -E  conftest.c
configure:3124: $? = 0
configure:3138: gcc -E  conftest.c
conftest.c:9:10: fatal error: ac_nonexistent.h: No such file or directory
 #include <ac_nonexistent.h>
          ^~~~~~~~~~~~~~~~~~
compilation terminated.
configure:3138: $? = 1
configure: failed program was:
| /* confdefs.h */
| #define PACKAGE_NAME "exec"
| #define PACKAGE_TARNAME "exec"
| #define PACKAGE_VERSION "0.01"
| #define PACKAGE_STRING "exec 0.01"
| #define PACKAGE_BUGREPORT "zilongshi.com"
| #define PACKAGE_URL ""
| /* end confdefs.h.  */
| #include <ac_nonexistent.h>
configure:3163: result: gcc -E
configure:3183: gcc -E  conftest.c
configure:3183: $? = 0
configure:3197: gcc -E  conftest.c
conftest.c:9:10: fatal error: ac_nonexistent.h: No such file or directory
 #include <ac_nonexistent.h>
          ^~~~~~~~~~~~~~~~~~
compilation terminated.
configure:3197: $? = 1
configure: failed program was:
| /* confdefs.h */
| #define PACKAGE_NAME "exec"
| #define PACKAGE_TARNAME "exec"
| #define PACKAGE_VERSION "0.01"
| #define PACKAGE_STRING "exec 0.01"
| #define PACKAGE_BUGREPORT "zilongshi.com"
| #define PACKAGE_URL ""
| /* end confdefs.h.  */
| #include <ac_nonexistent.h>
configure:3226: checking for grep that handles long lines and -e
configure:3284: result: /usr/bin/grep
configure:3289: checking for egrep
configure:3351: result: /usr/bin/grep -E
configure:3356: checking for ANSI C header files
configure:3376: gcc -c -g -O2  conftest.c >&5
configure:3376: $? = 0
configure:3449: gcc -o conftest -g -O2   conftest.c  >&5
configure:3449: $? = 0
configure:3449: ./conftest
configure:3449: $? = 0
configure:3460: result: yes
configure:3473: checking for sys/types.h
configure:3473: gcc -c -g -O2  conftest.c >&5
configure:3473: $? = 0
configure:3473: result: yes
configure:3473: checking for sys/stat.h
configure:3473: gcc -c -g -O2  conftest.c >&5
configure:3473: $? = 0
configure:3473: result: yes
configure:3473: checking for stdlib.h
configure:3473: gcc -c -g -O2  conftest.c >&5
configure:3473: $? = 0
configure:3473: result: yes
configure:3473: checking for string.h
configure:3473: gcc -c -g -O2  conftest.c >&5
configure:3473: $? = 0
configure:3473: result: yes
configure:3473: checking for memory.h
configure:3473: gcc -c -g -O2  conftest.c >&5
configure:3473: $? = 0
configure:3473: result: yes
configure:3473: checking for strings.h
configure:3473: gcc -c -g -O2  conftest.c >&5
configure:3473: $? = 0
configure:3473: result: yes
configure:3473: checking for inttypes.h
configure:3473: gcc -c -g -O2  conftest.c >&5
configure:3473: $? = 0
configure:3473: result: yes
configure:3473: checking for stdint.h
configure:3473: gcc -c -g -O2  conftest.c >&5
configure:3473: $? = 0
configure:3473: result: yes
configure:3473: checking for unistd.h
configure:3473: gcc -c -g -O2  conftest.c >&5
configure:3473: $? = 0
configure:3473: result: yes
configure:3488: checking fcntl.h usability
configure:3488: gcc -c -g -O2  conftest.c >&5
configure:3488: $? = 0
configure:3488: result: yes
configure:3488: checking fcntl.h presence
configure:3488: gcc -E  conftest.c
configure:3488: $? = 0
configure:3488: result: yes
configure:3488: checking for fcntl.h
configure:3488: result: yes
configure:3488: checking for stdlib.h
configure:3488: result: yes
configure:3488: checking for string.h
configure:3488: result: yes
configure:3488: checking for unistd.h
configure:3488: result: yes
configure:3500: checking for pid_t
configure:3500: gcc -c -g -O2  conftest.c >&5
configure:3500: $? = 0
configure:3500: gcc -c -g -O2  conftest.c >&5
conftest.c: In function 'main':
conftest.c:59:20: error: expected expression before ')' token
 if (sizeof ((pid_t)))
                    ^
configure:3500: $? = 1
configure: failed program was:
| /* confdefs.h */
| #define PACKAGE_NAME "exec"
| #define PACKAGE_TARNAME "exec"
| #define PACKAGE_VERSION "0.01"
| #define PACKAGE_STRING "exec 0.01"
| #define PACKAGE_BUGREPORT "zilongshi.com"
| #define PACKAGE_URL ""
| #define STDC_HEADERS 1
| #define HAVE_SYS_TYPES_H 1
| #define HAVE_SYS_STAT_H 1
| #define HAVE_STDLIB_H 1
| #define HAVE_STRING_H 1
| #define HAVE_MEMORY_H 1
| #define HAVE_STRINGS_H 1
| #define HAVE_INTTYPES_H 1
| #define HAVE_STDINT_H 1
| #define HAVE_UNISTD_H 1
| #define HAVE_FCNTL_H 1
| #define HAVE_STDLIB_H 1
| #define HAVE_STRING_H 1
| #define HAVE_UNISTD_H 1
| /* end confdefs.h.  */
| #include <stdio.h>
| #ifdef HAVE_SYS_TYPES_H
| # include <sys/types.h>
| #endif
| #ifdef HAVE_SYS_STAT_H
| # include <sys/stat.h>
| #endif
| #ifdef STDC_HEADERS
| # include <stdlib.h>
| # include <stddef.h>
| #else
| # ifdef HAVE_STDLIB_H
| #  include <stdlib.h>
| # endif
| #endif
| #ifdef HAVE_STRING_H
| # if !defined STDC_HEADERS && defined HAVE_MEMORY_H
| #  include <memory.h>
| # endif
| # include <string.h>
| #endif
| #ifdef HAVE_STRINGS_H
| # include <strings.h>
| #endif
| #ifdef HAVE_INTTYPES_H
| # include <inttypes.h>
| #endif
| #ifdef HAVE_STDINT_H
| # include <stdint.h>
| #endif
| #ifdef HAVE_UNISTD_H
| # include <unistd.h>
| #endif
| int
| main ()
| {
| if (sizeof ((pid_t)))
| 	    return 0;
|   ;
|   return 0;
| }
configure:3500: result: yes
configure:3515: checking vfork.h usability
configure:3515: gcc -c -g -O2  conftest.c >&5
conftest.c:56:10: fatal error: vfork.h: No such file or directory
 #include <vfork.h>
          ^~~~~~~~~
compilation terminated.
configure:3515: $? = 1
configure: failed program was:
| /* confdefs.h */
| #define PACKAGE_NAME "exec"
| #define PACKAGE_TARNAME "exec"
| #define PACKAGE_VERSION "0.01"
| #define PACKAGE_STRING "exec 0.01"
| #define PACKAGE_BUGREPORT "zilongshi.com"
| #define PACKAGE_URL ""
| #define STDC_HEADERS 1
| #define HAVE_SYS_TYPES_H 1
| #define HAVE_SYS_STAT_H 1
| #define HAVE_STDLIB_H 1
| #define HAVE_STRING_H 1
| #define HAVE_MEMORY_H 1
| #define HAVE_STRINGS_H 1
| #define HAVE_INTTYPES_H 1
| #define HAVE_STDINT_H 1
| #define HAVE_UNISTD_H 1
| #define HAVE_FCNTL_H 1
| #define HAVE_STDLIB_H 1
| #define HAVE_STRING_H 1
| #define HAVE_UNISTD_H 1
| /* end confdefs.h.  */
| #include <stdio.h>
| #ifdef HAVE_SYS_TYPES_H
| # include <sys/types.h>
| #endif
| #ifdef HAVE_SYS_STAT_H
| # include <sys/stat.h>
| #endif
| #ifdef STDC_HEADERS
| # include <stdlib.h>
| # include <stddef.h>
| #else
| # ifdef HAVE_STDLIB_H
| #  include <stdlib.h>
| # endif
| #endif
| #ifdef HAVE_STRING_H
| # if !defined STDC_HEADERS && defined HAVE_MEMORY_H
| #  include <memory.h>
| # endif
| # include <string.h>
| #endif
| #ifdef HAVE_STRINGS_H
| # include <strings.h>
| #endif
| #ifdef HAVE_INTTYPES_H
| # include <inttypes.h>
| #endif
| #ifdef HAVE_STDINT_H
| # include <stdint.h>
| #endif
| #ifdef HAVE_UNISTD_H
| # include <unistd.h>
| #endif
| #include <vfork.h>
configure:3515: result: no
configure:3515: checking vfork.h presence
configure:3515: gcc -E  conftest.c
conftest.c:23:10: fatal error: vfork.h: No such file or directory
 #include <vfork.h>
          ^~~~~~~~~
compilation terminated.
configure:3515: $? = 1
configure: failed program was:
| /* confdefs.h */
| #define PACKAGE_NAME "exec"
| #define PACKAGE_TARNAME "exec"
| #define PACKAGE_VERSION "0.01"
| #define PACKAGE_STRING "exec 0.01"
| #define PACKAGE_BUGREPORT "zilongshi.com"
| #define PACKAGE_URL ""
| #define STDC_HEADERS 1
| #define HAVE_SYS_TYPES_H 1
| #define HAVE_SYS_STAT_H 1
| #define HAVE_STDLIB_H 1
| #define HAVE_STRING_H 1
| #define HAVE_MEMORY_H 1
| #define HAVE_STRINGS_H 1
| #define HAVE_INTTYPES_H 1
| #define HAVE_STDINT_H 1
| #define HAVE_UNISTD_H 1
| #define HAVE_FCNTL_H 1
| #define HAVE_STDLIB_H 1
| #define HAVE_STRING_H 1
| #define HAVE_UNISTD_H 1
| /* end confdefs.h.  */
| #include <vfork.h>
configure:3515: result: no
configure:3515: checking for vfork.h
configure:3515: result: no
configure:3528: checking for fork
configure:3528: gcc -o conftest -g -O2   conftest.c  >&5
conftest.c:46:6: warning: conflicting types for built-in function 'fork' [-Wbuiltin-declaration-mismatch]
 char fork ();
      ^~~~
configure:3528: $? = 0
configure:3528: result: yes
configure:3528: checking for vfork
configure:3528: gcc -o conftest -g -O2   conftest.c  >&5
configure:3528: $? = 0
configure:3528: result: yes
configure:3538: checking for working fork
configure:3560: gcc -o conftest -g -O2   conftest.c  >&5
configure:3560: $? = 0
configure:3560: ./conftest
configure:3560: $? = 0
configure:3570: result: yes
configure:3591: checking for working vfork
configure:3701: result: yes
configure:3728: checking for mkfifo
configure:3728: gcc -o conftest -g -O2   conftest.c  >&5
configure:3728: $? = 0
configure:3728: result: yes
configure:3754: checking for a BSD-compatible install
configure:3822: result: /usr/bin/install -c
configure:3833: checking whether build environment is sane
configure:3888: result: yes
configure:4036: checking for a thread-safe mkdir -p
configure:4075: result: /usr/bin/mkdir -p
configure:4082: checking for gawk
configure:4098: found /usr/bin/gawk
configure:4109: result: gawk
configure:4120: checking whether make sets $(MAKE)
configure:4142: result: yes
configure:4172: checking for style of include used by make
configure:4200: result: GNU
configure:4234: checking whether make supports nested variables
configure:4251: result: yes
configure:4336: checking dependency style of gcc
configure:4447: result: gcc3
configure:4616: checking that generated files are newer than configure
configure:4622: result: done
configure:4645: creating ./config.status

## ---------------------- ##
## Running config.status. ##
## ---------------------- ##

This file was extended by exec config.status 0.01, which was
generated by GNU Autoconf 2.69.  Invocation command line was

  CONFIG_FILES    = 
  CONFIG_HEADERS  = 
  CONFIG_LINKS    = 
  CONFIG_COMMANDS = 
  $ ./config.status 

on liam-laptop

config.status:866: creating Makefile
config.status:866: creating pipe/Makefile
config.status:866: creating named_pipe/Makefile
config.status:866: creating xsi_messages/Makefile
config.status:866: creating xsi_shared_memory/Makefile
config.status:866: creating posix_semaphores/Makefile
config.status:866: creating config.h
config.status:1047: config.h is unchanged
config.status:1095: executing depfiles commands

## ---------------- ##
## Cache variables. ##
## ---------------- ##

ac_cv_c_compiler_gnu=yes
ac_cv_env_CC_set=
ac_cv_env_CC_value=
ac_cv_env_CFLAGS_set=
ac_cv_env_CFLAGS_value=
ac_cv_env_CPPFLAGS_set=
ac_cv_env_CPPFLAGS_value=
ac_cv_env_CPP_set=
ac_cv_env_CPP_value=
ac_cv_env_LDFLAGS_set=
ac_cv_env_LDFLAGS_value=
ac_cv_env_LIBS_set=
ac_cv_env_LIBS_value=
ac_cv_env_build_alias_set=
ac_cv_env_build_alias_value=
ac_cv_env_host_alias_set=
ac_cv_env_host_alias_value=
ac_cv_env_target_alias_set=
ac_cv_env_target_alias_value=
ac_cv_func_fork=yes
ac_cv_func_fork_works=yes
ac_cv_func_mkfifo=yes
ac_cv_func_vfork=yes
ac_cv_func_vfork_works=yes
ac_cv_header_fcntl_h=yes
ac_cv_header_inttypes_h=yes
ac_cv_header_memory_h=yes
ac_cv_header_stdc=yes
ac_cv_header_stdint_h=yes
ac_cv_header_stdlib_h=yes
ac_cv_header_string_h=yes
ac_cv_header_strings_h=yes
ac_cv_header_sys_stat_h=yes
ac_cv_header_sys_types_h=yes
ac_cv_header_unistd_h=yes
ac_cv_header_vfork_h=no
ac_cv_objext=o
ac_cv_path_EGREP='/usr/bin/grep -E'
ac_cv_path_GREP=/usr/bin/grep
ac_cv_path_install='/usr/bin/install -c'
ac_cv_path_mkdir=/usr/bin/mkdir
ac_cv_prog_AWK=gawk
ac_cv_prog_CPP='gcc -E'
ac_cv_prog_ac_ct_CC=gcc
ac_cv_prog_cc_c89=
ac_cv_prog_cc_g=yes
ac_cv_prog_make_make_set=yes
ac_cv_type_pid_t=yes
am_cv_CC_dependencies_compiler_type=gcc3
am_cv_make_support_nested_variables=yes
am_cv_prog_cc_c_o=yes

## ----------------- ##
## Output variables. ##
## ----------------- ##

ACLOCAL='${SHELL} /home/liam/workspace/cpp/IPC4Practise/build-aux/missing aclocal-1.15'
AMDEPBACKSLASH='\'
AMDEP_FALSE='#'
AMDEP_TRUE=''
AMTAR='$${TAR-tar}'
AM_BACKSLASH='\'
AM_DEFAULT_V='$(AM_DEFAULT_VERBOSITY)'
AM_DEFAULT_VERBOSITY='1'
AM_V='$(V)'
AUTOCONF='${SHELL} /home/liam/workspace/cpp/IPC4Practise/build-aux/missing autoconf'
AUTOHEADER='${SHELL} /home/liam/workspace/cpp/IPC4Practise/build-aux/missing autoheader'
AUTOMAKE='${SHELL} /home/liam/workspace/cpp/IPC4Practise/build-aux/missing automake-1.15'
AWK='gawk'
CC='gcc'
CCDEPMODE='depmode=gcc3'
CFLAGS='-g -O2'
CPP='gcc -E'
CPPFLAGS=''
CYGPATH_W='echo'
DEFS='-DHAVE_CONFIG_H'
DEPDIR='.deps'
ECHO_C=''
ECHO_N='-n'
ECHO_T=''
EGREP='/usr/bin/grep -E'
EXEEXT=''
GREP='/usr/bin/grep'
INSTALL_DATA='${INSTALL} -m 644'
INSTALL_PROGRAM='${INSTALL}'
INSTALL_SCRIPT='${INSTALL}'
INSTALL_STRIP_PROGRAM='$(install_sh) -c -s'
LDFLAGS=''
LIBOBJS=''
LIBS=''
LTLIBOBJS=''
MAKEINFO='${SHELL} /home/liam/workspace/cpp/IPC4Practise/build-aux/missing makeinfo'
MKDIR_P='/usr/bin/mkdir -p'
OBJEXT='o'
PACKAGE='exec'
PACKAGE_BUGREPORT='zilongshi.com'
PACKAGE_NAME='exec'
PACKAGE_STRING='exec 0.01'
PACKAGE_TARNAME='exec'
PACKAGE_URL=''
PACKAGE_VERSION='0.01'
PATH_SEPARATOR=':'
SET_MAKE=''
SHELL='/bin/sh'
STRIP=''
VERSION='0.01'
ac_ct_CC='gcc'
am__EXEEXT_FALSE=''
am__EXEEXT_TRUE='#'
am__fastdepCC_FALSE='#'
am__fastdepCC_TRUE=''
am__include='include'
am__isrc=''
am__leading_dot='.'
am__nodep='_no'
am__quote=''
am__tar='$${TAR-tar} chof - "$$tardir"'
am__untar='$${TAR-tar} xf -'
bindir='${exec_prefix}/bin'
build_alias=''
datadir='${datarootdir}'
datarootdir='${prefix}/share'
docdir='${datarootdir}/doc/${PACKAGE_TARNAME}'
dvidir='${docdir}'
exec_prefix='${prefix}'
host_alias=''
htmldir='${docdir}'
includedir='${prefix}/include'
infodir='${datarootdir}/info'
install_sh='${SHELL} /home/liam/workspace/cpp/IPC4Practise/build-aux/install-sh'
libdir='${exec_prefix}/lib'
libexecdir='${exec_prefix}/libexec'
localedir='${datarootdir}/locale'
localstatedir='${prefix}/var'
mandir='${datarootdir}/man'
mkdir_p='$(MKDIR_P)'
oldincludedir='/usr/include'
pdfdir='${docdir}'
prefix='/usr/local'
program_transform_name='s,x,x,'
psdir='${docdir}'
sbindir='${exec_prefix}/sbin'
sharedstatedir='${prefix}/com'
sysconfdir='${prefix}/etc'
target_alias=''

## ----------- ##
## confdefs.h. ##
## ----------- ##

/* confdefs.h */
#define PACKAGE_NAME "exec"
#define PACKAGE_TARNAME "exec"
#define PACKAGE_VERSION "0.01"
#define PACKAGE_STRING "exec 0.01"
#define PACKAGE_BUGREPORT "zilongshi.com"
#define PACKAGE_URL ""
#define STDC_HEADERS 1
#define HAVE_SYS_TYPES_H 1
#define HAVE_SYS_STAT_H 1
#define HAVE_STDLIB_H 1
#define HAVE_STRING_H 1
#define HAVE_MEMORY_H 1
#define HAVE_STRINGS_H 1
#define HAVE_INTTYPES_H 1
#define HAVE_STDINT_H 1
#define HAVE_UNISTD_H 1
#define HAVE_FCNTL_H 1
#define HAVE_STDLIB_H 1
#define HAVE_STRING_H 1
#define HAVE_UNISTD_H 1
#define HAVE_FORK 1
#define HAVE_VFORK 1
#define HAVE_WORKING_VFORK 1
#define HAVE_WORKING_FORK 1
#define HAVE_MKFIFO 1
#define PACKAGE "exec"
#define VERSION "0.01"

configure: exit 0

## ---------------------- ##
## Running config.status. ##
## ---------------------- ##

This file was extended by exec config.status 0.01, which was
generated by GNU Autoconf 2.69.  Invocation command line was

  CONFIG_FILES    = 
  CONFIG_HEADERS  = 
  CONFIG_LINKS    = 
  CONFIG_COMMANDS = 
  $ ./config.status posix_semaphores/Makefile depfiles

on liam-laptop

config.status:866: creating posix_semaphores/Makefile
config.status:1095: executing depfiles commands
